<?xml version="1.0" encoding="UTF-8"?>
<!-- Generated by org.testng.reporters.JUnitReportReporter -->
<testsuite skipped="1" hostname="Rakyesh-PC" name="datadriventest.ExternalDataDriven" tests="1" failures="0" timestamp="07 Jan 2022 10:03:34 GMT" time="0.000" errors="0">
  <testcase name="testcase1" time="0.000" classname="datadriventest.ExternalDataDriven">
    <skipped/>
  </testcase> <!-- testcase1 -->
</testsuite> <!-- datadriventest.ExternalDataDriven -->
