<?xml version="1.0" encoding="UTF-8"?>
<!-- Generated by org.testng.reporters.JUnitReportReporter -->
<testsuite skipped="0" hostname="Rakyesh-PC" name="datadriventest.BH_Register_External_1" tests="13" failures="0" timestamp="10 Jan 2022 09:06:06 GMT" time="81.299" errors="0">
  <testcase name="then_select_india" time="5.798" classname="datadriventest.BH_Register_External_1"/>
  <testcase name="then_try_to_register" time="3.970" classname="datadriventest.BH_Register_External_1"/>
  <testcase name="then_try_to_register" time="0.232" classname="datadriventest.BH_Register_External_1"/>
  <testcase name="then_open_bhane_webapplication" time="29.983" classname="datadriventest.BH_Register_External_1"/>
  <testcase name="then_try_to_register" time="12.123" classname="datadriventest.BH_Register_External_1"/>
  <testcase name="then_try_to_register" time="0.319" classname="datadriventest.BH_Register_External_1"/>
  <testcase name="then_try_to_register" time="3.007" classname="datadriventest.BH_Register_External_1"/>
  <testcase name="then_try_to_register" time="2.212" classname="datadriventest.BH_Register_External_1"/>
  <testcase name="then_try_to_register" time="4.434" classname="datadriventest.BH_Register_External_1"/>
  <testcase name="then_try_to_register" time="0.198" classname="datadriventest.BH_Register_External_1"/>
  <testcase name="guest_user_open_chrome" time="18.491" classname="datadriventest.BH_Register_External_1"/>
  <testcase name="then_try_to_register" time="0.269" classname="datadriventest.BH_Register_External_1"/>
  <testcase name="then_try_to_register" time="0.263" classname="datadriventest.BH_Register_External_1"/>
</testsuite> <!-- datadriventest.BH_Register_External_1 -->
