<?xml version="1.0" encoding="UTF-8"?>
<!-- Generated by org.testng.reporters.JUnitReportReporter -->
<testsuite skipped="0" hostname="Rakyesh-PC" name="datadriventest.NewTest" tests="10" failures="0" timestamp="10 Jan 2022 09:02:44 GMT" time="0.095" errors="0">
  <testcase name="f" time="0.003" classname="datadriventest.NewTest"/>
  <testcase name="f" time="0.022" classname="datadriventest.NewTest"/>
  <testcase name="f" time="0.005" classname="datadriventest.NewTest"/>
  <testcase name="f" time="0.008" classname="datadriventest.NewTest"/>
  <testcase name="f" time="0.029" classname="datadriventest.NewTest"/>
  <testcase name="f" time="0.003" classname="datadriventest.NewTest"/>
  <testcase name="f" time="0.005" classname="datadriventest.NewTest"/>
  <testcase name="f" time="0.003" classname="datadriventest.NewTest"/>
  <testcase name="f" time="0.007" classname="datadriventest.NewTest"/>
  <testcase name="f" time="0.010" classname="datadriventest.NewTest"/>
</testsuite> <!-- datadriventest.NewTest -->
