<?xml version="1.0" encoding="UTF-8"?>
<!-- Generated by org.testng.reporters.JUnitReportReporter -->
<testsuite skipped="0" hostname="Rakyesh-PC" name="bhanetests.BH_Register_TC_1" tests="4" failures="0" timestamp="06 Jan 2022 08:56:10 GMT" time="36.161" errors="0">
  <testcase name="then_open_bhane_webapplication" time="13.976" classname="bhanetests.BH_Register_TC_1"/>
  <testcase name="then_select_india" time="5.856" classname="bhanetests.BH_Register_TC_1"/>
  <testcase name="then_try_to_register" time="7.632" classname="bhanetests.BH_Register_TC_1"/>
  <testcase name="guest_user_open_chrome" time="8.697" classname="bhanetests.BH_Register_TC_1"/>
</testsuite> <!-- bhanetests.BH_Register_TC_1 -->
