<?xml version="1.0" encoding="UTF-8"?>
<!-- Generated by org.testng.reporters.JUnitReportReporter -->
<testsuite skipped="0" hostname="Rakyesh-PC" name="bhanetests.BH_TC_1" tests="1" failures="0" timestamp="05 Jan 2022 09:13:16 GMT" time="43.089" errors="0">
  <testcase name="testcase1" time="43.089" classname="bhanetests.BH_TC_1"/>
</testsuite> <!-- bhanetests.BH_TC_1 -->
